<?xml version="1.0" encoding="UTF-8" ?>
<testsuite tests="7" failures="0" name="TestSuite" time="29.204" errors="0" skipped="0">
  <properties>
[...]
</properties>
  <testcase classname="com.course.cases.LoginTest" name="loginTrue" time="1.575"/>
  <testcase classname="com.course.cases.LoginTest" name="loginFalse" time="0.071"/>
  <testcase classname="com.course.cases.AddUserTest" name="addUser" time="5.102"/>
  <testcase classname="com.course.cases.GetUserInfoTest" name="getUserInfo" time="0.106"/>
  <testcase classname="com.course.cases.UpdateUserInfoTest" name="updateUserInfo" time="10.165"/>
  <testcase classname="com.course.cases.UpdateUserInfoTest" name="deleteUser" time="10.083"/>
  <testcase classname="com.course.cases.GetUserInfoListTest" name="getUserListInfo" time="0.084"/>
</testsuite>