<?xml version="1.0" encoding="UTF-8"?>
<!-- Generated by org.testng.reporters.JUnitXMLReporter -->
<testsuite hostname="DESKTOP-CAD5Q0J" ignored="0" name="用户管理系统测试用例" tests="7" failures="0" timestamp="2020-09-12T16:54:40 CST" time="27.371" errors="0">
  <testcase name="loginTrue" time="1.573" classname="com.course.cases.LoginTest"/>
  <testcase name="loginFalse" time="0.07" classname="com.course.cases.LoginTest"/>
  <testcase name="addUser" time="5.102" classname="com.course.cases.AddUserTest"/>
  <testcase name="getUserInfo" time="0.106" classname="com.course.cases.GetUserInfoTest"/>
  <testcase name="updateUserInfo" time="10.164" classname="com.course.cases.UpdateUserInfoTest"/>
  <testcase name="deleteUser" time="10.083" classname="com.course.cases.UpdateUserInfoTest"/>
  <testcase name="getUserListInfo" time="0.083" classname="com.course.cases.GetUserInfoListTest"/>
</testsuite> <!-- 用户管理系统测试用例 -->
